<?xml version="1.0" encoding="UTF-8"?>
<testsuite xmlns:xsi="http://www.w3.org/2001/XMLSchema-instance" xsi:noNamespaceSchemaLocation="https://maven.apache.org/surefire/maven-surefire-plugin/xsd/surefire-test-report.xsd" version="3.0.2" name="com.langmem4j.core.manager.MemoryManagerTest" time="0.041" tests="29" errors="0" skipped="0" failures="0">
  <properties>
[...]
</properties>
  <testcase name="add_without_merge_overwrites_silently" classname="com.langmem4j.core.manager.MemoryManagerTest" time="0.004"/>
  <testcase name="compact_preserves_earliest_createdAt" classname="com.langmem4j.core.manager.MemoryManagerTest" time="0.001"/>
  <testcase name="add_and_get_round_trip_via_default_namespace" classname="com.langmem4j.core.manager.MemoryManagerTest" time="0.001"/>
  <testcase name="get_does_not_refresh_when_decay_is_NONE" classname="com.langmem4j.core.manager.MemoryManagerTest" time="0.001"/>
  <testcase name="compact_empty_namespace_is_noop" classname="com.langmem4j.core.manager.MemoryManagerTest" time="0.001"/>
  <testcase name="addAll_writes_batch_with_embeddings" classname="com.langmem4j.core.manager.MemoryManagerTest" time="0.002"/>
  <testcase name="add_with_explicit_namespace" classname="com.langmem4j.core.manager.MemoryManagerTest" time="0.001"/>
  <testcase name="search_default_limit_is_5" classname="com.langmem4j.core.manager.MemoryManagerTest" time="0.003"/>
  <testcase name="compact_deletes_old_memories" classname="com.langmem4j.core.manager.MemoryManagerTest" time="0.0"/>
  <testcase name="build_without_store_throws" classname="com.langmem4j.core.manager.MemoryManagerTest" time="0.0"/>
  <testcase name="addAll_applies_merge_policy_per_record" classname="com.langmem4j.core.manager.MemoryManagerTest" time="0.001"/>
  <testcase name="add_with_merge_keeps_longer_value_and_unions_metadata" classname="com.langmem4j.core.manager.MemoryManagerTest" time="0.003"/>
  <testcase name="search_with_decay_filters_out_ancient_memories" classname="com.langmem4j.core.manager.MemoryManagerTest" time="0.002"/>
  <testcase name="search_with_generator_ranks_by_cosine" classname="com.langmem4j.core.manager.MemoryManagerTest" time="0.0"/>
  <testcase name="get_refreshes_lastAccessedAt_when_decay_is_active" classname="com.langmem4j.core.manager.MemoryManagerTest" time="0.002"/>
  <testcase name="inMemory_with_default_namespace_builds_successfully" classname="com.langmem4j.core.manager.MemoryManagerTest" time="0.0"/>
  <testcase name="compact_with_NONE_is_noop" classname="com.langmem4j.core.manager.MemoryManagerTest" time="0.0"/>
  <testcase name="search_without_decay_preserves_store_order" classname="com.langmem4j.core.manager.MemoryManagerTest" time="0.0"/>
  <testcase name="compact_with_categoryGroup_merges_same_category" classname="com.langmem4j.core.manager.MemoryManagerTest" time="0.001"/>
  <testcase name="operations_without_default_namespace_require_explicit_param" classname="com.langmem4j.core.manager.MemoryManagerTest" time="0.0"/>
  <testcase name="search_with_decay_re_ranks_by_freshness" classname="com.langmem4j.core.manager.MemoryManagerTest" time="0.0"/>
  <testcase name="add_with_metadata_persists_tags" classname="com.langmem4j.core.manager.MemoryManagerTest" time="0.0"/>
  <testcase name="add_preserves_existing_embedding" classname="com.langmem4j.core.manager.MemoryManagerTest" time="0.001"/>
  <testcase name="search_without_generator_uses_store_default" classname="com.langmem4j.core.manager.MemoryManagerTest" time="0.0"/>
  <testcase name="remove_deletes_key" classname="com.langmem4j.core.manager.MemoryManagerTest" time="0.0"/>
  <testcase name="add_merge_preserves_earliest_createdAt" classname="com.langmem4j.core.manager.MemoryManagerTest" time="0.001"/>
  <testcase name="add_overwrites_same_key" classname="com.langmem4j.core.manager.MemoryManagerTest" time="0.0"/>
  <testcase name="add_auto_generates_embedding_when_generator_configured" classname="com.langmem4j.core.manager.MemoryManagerTest" time="0.001"/>
  <testcase name="clear_wipes_namespace" classname="com.langmem4j.core.manager.MemoryManagerTest" time="0.0"/>
</testsuite>