<?xml version="1.0" encoding="UTF-8"?>
<testsuite xmlns:xsi="http://www.w3.org/2001/XMLSchema-instance" xsi:noNamespaceSchemaLocation="https://maven.apache.org/surefire/maven-surefire-plugin/xsd/surefire-test-report.xsd" version="3.0.2" name="com.langmem4j.tools.SaveMemoryToolTest" time="0.1" tests="7" errors="0" skipped="0" failures="0">
  <properties>
[...]
</properties>
  <testcase name="saveMemoryWithMetadata_parses_key_value_pairs" classname="com.langmem4j.tools.SaveMemoryToolTest" time="0.071">
    <system-err><![CDATA[SLF4J(W): No SLF4J providers were found.
SLF4J(W): Defaulting to no-operation (NOP) logger implementation
SLF4J(W): See https://www.slf4j.org/codes.html#noProviders for further details.
]]></system-err>
  </testcase>
  <testcase name="deleteMemory_missing_key_is_idempotent" classname="com.langmem4j.tools.SaveMemoryToolTest" time="0.001"/>
  <testcase name="deleteMemory_removes_entry" classname="com.langmem4j.tools.SaveMemoryToolTest" time="0.002"/>
  <testcase name="saveMemoryWithMetadata_empty_is_noop" classname="com.langmem4j.tools.SaveMemoryToolTest" time="0.001"/>
  <testcase name="saveMemory_persists_fact" classname="com.langmem4j.tools.SaveMemoryToolTest" time="0.002"/>
  <testcase name="namespace_isolation" classname="com.langmem4j.tools.SaveMemoryToolTest" time="0.001"/>
  <testcase name="saveMemoryWithMetadata_boolean_tag_when_no_equals" classname="com.langmem4j.tools.SaveMemoryToolTest" time="0.002"/>
</testsuite>