<?xml version="1.0" encoding="UTF-8"?>
<testsuite xmlns:xsi="http://www.w3.org/2001/XMLSchema-instance" xsi:noNamespaceSchemaLocation="https://maven.apache.org/surefire/maven-surefire-plugin/xsd/surefire-test-report.xsd" version="3.0.2" name="com.langmem4j.store.qdrant.QdrantMemoryStoreTest" time="0.067" tests="4" errors="0" skipped="0" failures="0">
  <properties>
[...]
</properties>
  <testcase name="deterministicId_differs_for_different_namespaces" classname="com.langmem4j.store.qdrant.QdrantMemoryStoreTest" time="0.047">
    <system-err><![CDATA[SLF4J(W): No SLF4J providers were found.
SLF4J(W): Defaulting to no-operation (NOP) logger implementation
SLF4J(W): See https://www.slf4j.org/codes.html#noProviders for further details.
]]></system-err>
  </testcase>
  <testcase name="deterministicId_is_stable" classname="com.langmem4j.store.qdrant.QdrantMemoryStoreTest" time="0.001"/>
  <testcase name="deterministicId_is_positive" classname="com.langmem4j.store.qdrant.QdrantMemoryStoreTest" time="0.004"/>
  <testcase name="deterministicId_differs_for_different_keys" classname="com.langmem4j.store.qdrant.QdrantMemoryStoreTest" time="0.0"/>
</testsuite>