<?xml version="1.0" encoding="UTF-8"?>
<testsuite xmlns:xsi="http://www.w3.org/2001/XMLSchema-instance" xsi:noNamespaceSchemaLocation="https://maven.apache.org/surefire/maven-surefire-plugin/xsd/surefire-test-report.xsd" version="3.0.2" name="com.langmem4j.spring.RequestNamespaceVariablesTest" time="0.019" tests="4" errors="0" skipped="0" failures="0">
  <properties>
[...]
</properties>
  <testcase name="header_lookup_is_case_insensitive" classname="com.langmem4j.spring.RequestNamespaceVariablesTest" time="0.009"/>
  <testcase name="outside_a_request_nothing_is_contributed" classname="com.langmem4j.spring.RequestNamespaceVariablesTest" time="0.004"/>
  <testcase name="no_headers_yields_empty_but_present_header_variable" classname="com.langmem4j.spring.RequestNamespaceVariablesTest" time="0.001"/>
  <testcase name="headers_are_wrapped_under_a_single_header_variable" classname="com.langmem4j.spring.RequestNamespaceVariablesTest" time="0.0"/>
</testsuite>