<?xml version="1.0" encoding="UTF-8"?>
<testsuite xmlns:xsi="http://www.w3.org/2001/XMLSchema-instance" xsi:noNamespaceSchemaLocation="https://maven.apache.org/surefire/maven-surefire-plugin/xsd/surefire-test-report.xsd" version="3.0.2" name="com.example.langmem4j.springboot.DemoApplicationTest" time="0.361" tests="4" errors="0" skipped="0" failures="0">
  <properties>
[...]
</properties>
  <testcase name="context_loads_with_autoconfigured_memory_manager" classname="com.example.langmem4j.springboot.DemoApplicationTest" time="0.016">
    <system-out><![CDATA[2026-09-06T21:47:33.612+08:00  INFO 318324 --- [langmem4j-demo] [           main] t.c.s.AnnotationConfigContextLoaderUtils : Could not detect default configuration classes for test class [com.example.langmem4j.springboot.DemoApplicationTest]: DemoApplicationTest does not declare any static, non-private, non-final, nested classes annotated with @Configuration.
2026-09-06T21:47:33.615+08:00  INFO 318324 --- [langmem4j-demo] [           main] .b.t.c.SpringBootTestContextBootstrapper : Found @SpringBootConfiguration com.example.langmem4j.springboot.DemoApplication for test class com.example.langmem4j.springboot.DemoApplicationTest

  .   ____          _            __ _ _
 /\\ / ___'_ __ _ _(_)_ __  __ _ \ \ \ \
( ( )\___ | '_ | '_| | '_ \/ _` | \ \ \ \
 \\/  ___)| |_)| | | | | || (_| |  ) ) ) )
  '  |____| .__|_| |_|_| |_\__, | / / / /
 =========|_|==============|___/=/_/_/_/

 :: Spring Boot ::                (v3.3.5)

2026-09-06T21:47:33.638+08:00  INFO 318324 --- [langmem4j-demo] [           main] c.e.l.springboot.DemoApplicationTest     : Starting DemoApplicationTest using Java 21.0.11 with PID 318324 (started by 16080 in D:\langMem4j\langmem4j-examples\langmem4j-example-springboot)
2026-09-06T21:47:33.638+08:00  INFO 318324 --- [langmem4j-demo] [           main] c.e.l.springboot.DemoApplicationTest     : No active profile set, falling back to 1 default profile: "default"
2026-09-06T21:47:33.903+08:00  INFO 318324 --- [langmem4j-demo] [           main] o.s.b.t.m.w.SpringBootMockServletContext : Initializing Spring TestDispatcherServlet ''
2026-09-06T21:47:33.903+08:00  INFO 318324 --- [langmem4j-demo] [           main] o.s.t.web.servlet.TestDispatcherServlet  : Initializing Servlet ''
2026-09-06T21:47:33.905+08:00  INFO 318324 --- [langmem4j-demo] [           main] o.s.b.a.e.web.EndpointLinksResolver      : Exposing 2 endpoints beneath base path '/actuator'
2026-09-06T21:47:33.907+08:00  INFO 318324 --- [langmem4j-demo] [           main] o.s.t.web.servlet.TestDispatcherServlet  : Completed initialization in 4 ms
2026-09-06T21:47:33.915+08:00  INFO 318324 --- [langmem4j-demo] [           main] c.e.l.springboot.DemoApplicationTest     : Started DemoApplicationTest in 0.296 seconds (process running for 4.961)
]]></system-out>
  </testcase>
  <testcase name="add_then_get_returns_saved_memory_with_metadata" classname="com.example.langmem4j.springboot.DemoApplicationTest" time="0.006"/>
  <testcase name="merge_enabled_two_adds_same_key_keep_longer_value" classname="com.example.langmem4j.springboot.DemoApplicationTest" time="0.004"/>
  <testcase name="memory_persists_across_calls_and_search_finds_it" classname="com.example.langmem4j.springboot.DemoApplicationTest" time="0.028"/>
</testsuite>