<?xml version="1.0" encoding="UTF-8"?>
<testsuite xmlns:xsi="http://www.w3.org/2001/XMLSchema-instance" xsi:noNamespaceSchemaLocation="https://maven.apache.org/surefire/maven-surefire-plugin/xsd/surefire-test-report.xsd" version="3.0.2" name="com.langmem4j.store.langgraph4j.LangGraph4jStoreAdapterTest" time="0.091" tests="7" errors="0" skipped="0" failures="0">
  <properties>
[...]
</properties>
  <testcase name="clearNamespace_throws_unsupported" classname="com.langmem4j.store.langgraph4j.LangGraph4jStoreAdapterTest" time="0.047"/>
  <testcase name="getByKey_nonexistent_returns_empty" classname="com.langmem4j.store.langgraph4j.LangGraph4jStoreAdapterTest" time="0.003"/>
  <testcase name="listKeys_throws_unsupported" classname="com.langmem4j.store.langgraph4j.LangGraph4jStoreAdapterTest" time="0.001"/>
  <testcase name="search_returns_matching_items" classname="com.langmem4j.store.langgraph4j.LangGraph4jStoreAdapterTest" time="0.011"/>
  <testcase name="search_respects_limit" classname="com.langmem4j.store.langgraph4j.LangGraph4jStoreAdapterTest" time="0.004"/>
  <testcase name="deleteByKey_removes_memory" classname="com.langmem4j.store.langgraph4j.LangGraph4jStoreAdapterTest" time="0.0"/>
  <testcase name="upsert_and_getByKey_roundtrip" classname="com.langmem4j.store.langgraph4j.LangGraph4jStoreAdapterTest" time="0.008"/>
</testsuite>